<?xml version="1.0" encoding="UTF-8"?>
<testsuite xmlns:xsi="http://www.w3.org/2001/XMLSchema-instance" xsi:noNamespaceSchemaLocation="https://maven.apache.org/surefire/maven-surefire-plugin/xsd/surefire-test-report.xsd" name="org.example.AppTest" time="0.076" tests="1" errors="0" skipped="0" failures="0">
  <properties>
    <property name="sun.desktop" value="windows"/>
    <property name="awt.toolkit" value="sun.awt.windows.WToolkit"/>
    <property name="file.encoding.pkg" value="sun.io"/>
    <property name="java.specification.version" value="1.8"/>
    <property name="sun.cpu.isalist" value="amd64"/>
    <property name="sun.jnu.encoding" value="GBK"/>
    <property name="java.class.path" value="H:\temp\anki-download-image-2019-12-18\download-image\target\test-classes;H:\temp\anki-download-image-2019-12-18\download-image\target\classes;E:\maven-repository\org\apache\httpcomponents\httpclient\4.5\httpclient-4.5.jar;E:\maven-repository\org\apache\httpcomponents\httpcore\4.4.1\httpcore-4.4.1.jar;E:\maven-repository\commons-logging\commons-logging\1.2\commons-logging-1.2.jar;E:\maven-repository\commons-codec\commons-codec\1.9\commons-codec-1.9.jar;E:\maven-repository\junit\junit\4.11\junit-4.11.jar;E:\maven-repository\org\hamcrest\hamcrest-core\1.3\hamcrest-core-1.3.jar;E:\maven-repository\org\jsoup\jsoup\1.11.3\jsoup-1.11.3.jar;E:\maven-repository\cn\hutool\hutool-all\5.0.7\hutool-all-5.0.7.jar;E:\maven-repository\com\alibaba\fastjson\1.1.22\fastjson-1.1.22.jar;E:\maven-repository\dom4j\dom4j\1.6.1\dom4j-1.6.1.jar;E:\maven-repository\xml-apis\xml-apis\1.0.b2\xml-apis-1.0.b2.jar;"/>
    <property name="java.vm.vendor" value="Oracle Corporation"/>
    <property name="sun.arch.data.model" value="64"/>
    <property name="user.variant" value=""/>
    <property name="java.vendor.url" value="http://java.oracle.com/"/>
    <property name="user.timezone" value="Asia/Shanghai"/>
    <property name="java.vm.specification.version" value="1.8"/>
    <property name="os.name" value="Windows 8.1"/>
    <property name="user.country" value="CN"/>
    <property name="sun.java.launcher" value="SUN_STANDARD"/>
    <property name="sun.boot.library.path" value="C:\Program Files\Java\jdk1.8.0_40\jre\bin"/>
    <property name="sun.java.command" value="C:\Users\19102\AppData\Local\Temp\surefire2082718731249117095\surefirebooter2754913097204042222.jar C:\Users\19102\AppData\Local\Temp\surefire2082718731249117095 2019-12-25T09-35-28_665-jvmRun1 surefire1234209884169007769tmp surefire_08903039082785928353tmp"/>
    <property name="surefire.test.class.path" value="H:\temp\anki-download-image-2019-12-18\download-image\target\test-classes;H:\temp\anki-download-image-2019-12-18\download-image\target\classes;E:\maven-repository\org\apache\httpcomponents\httpclient\4.5\httpclient-4.5.jar;E:\maven-repository\org\apache\httpcomponents\httpcore\4.4.1\httpcore-4.4.1.jar;E:\maven-repository\commons-logging\commons-logging\1.2\commons-logging-1.2.jar;E:\maven-repository\commons-codec\commons-codec\1.9\commons-codec-1.9.jar;E:\maven-repository\junit\junit\4.11\junit-4.11.jar;E:\maven-repository\org\hamcrest\hamcrest-core\1.3\hamcrest-core-1.3.jar;E:\maven-repository\org\jsoup\jsoup\1.11.3\jsoup-1.11.3.jar;E:\maven-repository\cn\hutool\hutool-all\5.0.7\hutool-all-5.0.7.jar;E:\maven-repository\com\alibaba\fastjson\1.1.22\fastjson-1.1.22.jar;E:\maven-repository\dom4j\dom4j\1.6.1\dom4j-1.6.1.jar;E:\maven-repository\xml-apis\xml-apis\1.0.b2\xml-apis-1.0.b2.jar;"/>
    <property name="sun.cpu.endian" value="little"/>
    <property name="user.home" value="C:\Users\19102"/>
    <property name="user.language" value="zh"/>
    <property name="java.specification.vendor" value="Oracle Corporation"/>
    <property name="java.home" value="C:\Program Files\Java\jdk1.8.0_40\jre"/>
    <property name="basedir" value="H:\temp\anki-download-image-2019-12-18\download-image"/>
    <property name="file.separator" value="\"/>
    <property name="line.separator" value="&#10;"/>
    <property name="java.vm.specification.vendor" value="Oracle Corporation"/>
    <property name="java.specification.name" value="Java Platform API Specification"/>
    <property name="java.awt.graphicsenv" value="sun.awt.Win32GraphicsEnvironment"/>
    <property name="surefire.real.class.path" value="C:\Users\19102\AppData\Local\Temp\surefire2082718731249117095\surefirebooter2754913097204042222.jar"/>
    <property name="sun.boot.class.path" value="C:\Program Files\Java\jdk1.8.0_40\jre\lib\resources.jar;C:\Program Files\Java\jdk1.8.0_40\jre\lib\rt.jar;C:\Program Files\Java\jdk1.8.0_40\jre\lib\sunrsasign.jar;C:\Program Files\Java\jdk1.8.0_40\jre\lib\jsse.jar;C:\Program Files\Java\jdk1.8.0_40\jre\lib\jce.jar;C:\Program Files\Java\jdk1.8.0_40\jre\lib\charsets.jar;C:\Program Files\Java\jdk1.8.0_40\jre\lib\jfr.jar;C:\Program Files\Java\jdk1.8.0_40\jre\classes"/>
    <property name="user.script" value=""/>
    <property name="sun.management.compiler" value="HotSpot 64-Bit Tiered Compilers"/>
    <property name="java.runtime.version" value="1.8.0_40-b25"/>
    <property name="user.name" value="19102"/>
    <property name="path.separator" value=";"/>
    <property name="os.version" value="6.3"/>
    <property name="java.endorsed.dirs" value="C:\Program Files\Java\jdk1.8.0_40\jre\lib\endorsed"/>
    <property name="java.runtime.name" value="Java(TM) SE Runtime Environment"/>
    <property name="file.encoding" value="GBK"/>
    <property name="java.vm.name" value="Java HotSpot(TM) 64-Bit Server VM"/>
    <property name="localRepository" value="E:\maven-repository"/>
    <property name="java.vendor.url.bug" value="http://bugreport.sun.com/bugreport/"/>
    <property name="java.io.tmpdir" value="C:\Users\19102\AppData\Local\Temp\"/>
    <property name="java.version" value="1.8.0_40"/>
    <property name="user.dir" value="H:\temp\anki-download-image-2019-12-18\download-image"/>
    <property name="os.arch" value="amd64"/>
    <property name="java.vm.specification.name" value="Java Virtual Machine Specification"/>
    <property name="java.awt.printerjob" value="sun.awt.windows.WPrinterJob"/>
    <property name="idea.version2019.1.3" value="true"/>
    <property name="sun.os.patch.level" value=""/>
    <property name="java.library.path" value="C:\Program Files\Java\jdk1.8.0_40\jre\bin;C:\Windows\Sun\Java\bin;C:\Windows\system32;C:\Windows;E:\program files\NetSarang\Xftp 6\;C:\ProgramData\Oracle\Java\javapath;C:\Windows\system32;C:\Windows;C:\Windows\System32\Wbem;C:\Windows\System32\WindowsPowerShell\v1.0\;C:\Windows\System32\OpenSSH\;C:\Program Files\TortoiseSVN\bin;C:\Program Files\Java\jdk1.7.0_75\bin;C:\Program Files\Java\jdk1.7.0_75\jre\bin;D:\Program Files\nodejs\;D:\Program Files (x86)\WinMerge;D:\Program Files\Git\cmd;E:\apache-maven-3.6.1\bin;C:\Program Files\TortoiseGit\bin;C:\Program Files\Calibre2\;C:\Users\19102\AppData\Roaming\npm;;E:\Program Files\Microsoft VS Code\bin;C:\Users\19102\AppData\Local\Programs\Python\Python35-32\Scripts\;C:\Users\19102\AppData\Local\Programs\Python\Python35-32\;C:\Users\19102\AppData\Local\Programs\Fiddler;."/>
    <property name="java.vm.info" value="mixed mode"/>
    <property name="java.vendor" value="Oracle Corporation"/>
    <property name="java.vm.version" value="25.40-b25"/>
    <property name="java.ext.dirs" value="C:\Program Files\Java\jdk1.8.0_40\jre\lib\ext;C:\Windows\Sun\Java\lib\ext"/>
    <property name="sun.io.unicode.encoding" value="UnicodeLittle"/>
    <property name="maven.repo.local" value="E:\maven-repository"/>
    <property name="java.class.version" value="52.0"/>
  </properties>
  <testcase name="shouldAnswerWithTrue" classname="org.example.AppTest" time="0.001"/>
</testsuite>